<?xml version="1.0" encoding="UTF-8"?>
<!-- Generated by org.testng.reporters.JUnitReportReporter -->
<testsuite hostname="LAPTOP-SRCJA9U0" failures="0" tests="2" name="testCases.LoginTestCase" time="21.641" errors="0" timestamp="2024-06-30T12:07:05 IST" skipped="0">
  <testcase classname="testCases.LoginTestCase" name="loginWithValidCredentials" time="12.791"/>
  <testcase classname="testCases.LoginTestCase" name="loginwithInvalidPassword" time="8.850"/>
</testsuite> <!-- testCases.LoginTestCase -->
