<?xml version="1.0" encoding="UTF-8"?>
<!-- Generated by org.testng.reporters.JUnitReportReporter -->
<testsuite hostname="LAPTOP-SRCJA9U0" failures="0" tests="1" name="testCases.RecruitmentaddCandidateTest" time="22.447" errors="0" timestamp="2024-06-30T12:07:05 IST" skipped="0">
  <testcase classname="testCases.RecruitmentaddCandidateTest" name="addCandidate" time="22.447"/>
</testsuite> <!-- testCases.RecruitmentaddCandidateTest -->
